Welcome to the HyConAVR.ino Program Compiler.
Input program: Lotka-Volterra (Zombies, Alpaca6)
Target machine: AP/M-1 Mini
Allocating Type INT2pm: Mapping circuit part I1 onto architecture part INT0-0
Allocating Type INT2pm: Mapping circuit part I2 onto architecture part INT0-1
Allocating Type MUL2pm: Mapping circuit part M onto architecture part MLT0-0
Allocating Type SUM2pm: Mapping circuit part S onto architecture part SUM0-0
Resolving variable alpha=0.365 at architecture part INT0-0/a0
Resolving variable beta=0.95 at architecture part INT0-0/b0
Resolving variable h0=0.6 at architecture part INT0-0/ic
Resolving variable xi=0.09 at architecture part INT0-1/a0
Resolving variable z0=0.6 at architecture part INT0-1/ic
Resolving variable alpha=0.365 at architecture part MLT0-0/a0
Resolving variable delta=0.84 at architecture part SUM0-0/a0
Resolving variable gamma=0.44 at architecture part SUM0-0/b0
Observable h (user defined part {'I1': 'pos'}) can be measured at architecture part output INT0-0:pos, adress 0x0123
Observable z (user defined part {'I2': 'pos'}) can be measured at architecture part output INT0-1:pos, adress 0x0126
XBAR@40: Computing XBAR of size NxM=16x16
XBAR@40: Writing bitmatrix[ 0]: 0000000000000100=13=0xd -> INT0-0:a       [sending 11011]
XBAR@40: Writing bitmatrix[ 1]: 0000000010000000= 8=0x8 -> INT0-0:b       [sending 10001]
XBAR@40: Writing bitmatrix[ 2]: 0000000000001000=12=0xc -> INT0-1:a       [sending 11001]
XBAR@40: Writing bitmatrix[ 3]: 0000010000000000= 5=0x5 -> INT0-1:b       [sending 01011]
XBAR@40: Writing bitmatrix[ 4]: 0000000000000000 [output not enabled] [sending 00000]
XBAR@40: Writing bitmatrix[ 5]: 0000000000000000 [output not enabled] [sending 00000]
XBAR@40: Writing bitmatrix[ 6]: 0000000000000100=13=0xd -> MLT0-0:a       [sending 11011]
XBAR@40: Writing bitmatrix[ 7]: 0000000000010000=11=0xb -> MLT0-0:b       [sending 10111]
XBAR@40: Writing bitmatrix[ 8]: 1000000000000000= 0=0x0 -> MLT0-1:a       [sending 00001]
XBAR@40: Writing bitmatrix[ 9]: 1000000000000000= 0=0x0 -> MLT0-1:b       [sending 00001]
XBAR@40: Writing bitmatrix[10]: 0000000010000000= 8=0x8 -> SUM0-0:a       [sending 10001]
XBAR@40: Writing bitmatrix[11]: 0000000001000000= 9=0x9 -> SUM0-0:b       [sending 10011]
XBAR@40: Writing bitmatrix[12]: 0000000000000000 [output not enabled] [sending 00000]
XBAR@40: Writing bitmatrix[13]: 0000000000000000 [output not enabled] [sending 00000]
XBAR@40: Writing bitmatrix[14]: 0000000000000000 [output not enabled] [sending 00000]
XBAR@40: Writing bitmatrix[15]: 0000000000000000 [output not enabled] [sending 00000]
Bitstream to send (80 characters): 11011100011100101011000000000011011101110000100001100011001100000000000000000000
DPT24@60: Storing value  373 at DPT port  0 (corresponding to INT0-0:a0)
DPT24@60: Storing value  972 at DPT port  1 (corresponding to INT0-0:b0)
DPT24@60: Storing value   92 at DPT port  2 (corresponding to INT0-1:a0)
DPT24@60: Storing value  102 at DPT port  3 (corresponding to INT0-1:b0)
DPT24@60: Storing value    0 at DPT port  4 (corresponding to INT0-2:a0)
DPT24@60: Storing value    0 at DPT port  5 (corresponding to INT0-2:b0)
DPT24@60: Storing value  373 at DPT port  6 (corresponding to MLT0-0:a0)
DPT24@60: Storing value 1023 at DPT port  7 (corresponding to MLT0-0:b0)
DPT24@60: Storing value    0 at DPT port  8 (corresponding to MLT0-1:a0)
DPT24@60: Storing value    0 at DPT port  9 (corresponding to MLT0-1:b0)
DPT24@60: Storing value  859 at DPT port 10 (corresponding to SUM0-0:a0)
DPT24@60: Storing value  450 at DPT port 11 (corresponding to SUM0-0:b0)
DPT24@60: Storing value    0 at DPT port 12 (corresponding to SUM0-1:a0)
DPT24@60: Storing value    0 at DPT port 13 (corresponding to SUM0-1:b0)
DPT24@60: Storing value    0 at DPT port 14 (corresponding to SUM0-2:a0)
DPT24@60: Storing value    0 at DPT port 15 (corresponding to SUM0-2:b0)
HC@80: Storing value  614 at DPT port  0 (corresponding to INT0-0:ic)
HC@80: Storing value  614 at DPT port  1 (corresponding to INT0-1:ic)
HC@80: Storing value    0 at DPT port  2 (corresponding to INT0-2:ic)
HC@80: Storing True at digital output port 0 (corresponding to INT0-0:icSign)
HC@80: Storing True at digital output port 1 (corresponding to INT0-1:icSign)
HC@80: Storing True at digital output port 2 (corresponding to INT0-2:icSign)
Drawing the XBAR to ../circuits-compiled/Alpaca06-Lotka-Volterra.png...
