Welcome to the HyConAVR.ino Program Compiler.
Input program: Nose-Hoover oscillator (Alpaca 15)
Target machine: AP/M-1 Mini
Allocating Type INT2pm: Mapping circuit part I1 onto architecture part INT0-0
Allocating Type INT2pm: Mapping circuit part I2 onto architecture part INT0-1
Allocating Type INT2m: Mapping circuit part I3 onto architecture part INT0-2
Allocating Type MUL2pm: Mapping circuit part M1 onto architecture part MLT0-0
Allocating Type MUL2p: Mapping circuit part M2 onto architecture part MLT0-1
Observable y (user defined part {'I2': 'pos'}) can be measured at architecture part output INT0-1:pos, adress 0x0126
XBAR@40: Computing XBAR of size NxM=16x16
XBAR@40: Writing bitmatrix[row  0]: 0000000000010000=11=0xb -> INT0-0:a       [sending 11101]
XBAR@40: Writing bitmatrix[row  1]: 0000000000000000 [output not enabled] [sending 00000]
XBAR@40: Writing bitmatrix[row  2]: 0000000000000010=14=0xe -> INT0-1:a       [sending 10111]
XBAR@40: Writing bitmatrix[row  3]: 0000000100000000= 7=0x7 -> INT0-1:b       [sending 11110]
XBAR@40: Writing bitmatrix[row  4]: 0000000010000000= 8=0x8 -> INT0-2:a       [sending 10001]
XBAR@40: Writing bitmatrix[row  5]: 0100000000000000= 1=0x1 -> INT0-2:b       [sending 11000]
XBAR@40: Writing bitmatrix[row  6]: 0000000000010000=11=0xb -> MLT0-0:a       [sending 11101]
XBAR@40: Writing bitmatrix[row  7]: 0000000000010000=11=0xb -> MLT0-0:b       [sending 11101]
XBAR@40: Writing bitmatrix[row  8]: 0000000000100000=10=0xa -> MLT0-1:a       [sending 10101]
XBAR@40: Writing bitmatrix[row  9]: 0000000000010000=11=0xb -> MLT0-1:b       [sending 11101]
XBAR@40: Writing bitmatrix[row 10]: 0000000000000000 [output not enabled] [sending 00000]
XBAR@40: Writing bitmatrix[row 11]: 0000000000000000 [output not enabled] [sending 00000]
XBAR@40: Writing bitmatrix[row 12]: 0000000000000000 [output not enabled] [sending 00000]
XBAR@40: Writing bitmatrix[row 13]: 0000000000000000 [output not enabled] [sending 00000]
XBAR@40: Writing bitmatrix[row 14]: 0000000000000000 [output not enabled] [sending 00000]
XBAR@40: Writing bitmatrix[row 15]: 0000000000000000 [output not enabled] [sending 00000]
Bitstream to send (80 characters): 00000000000000000000000000000011101101011110111101110001000111110101110000011101
DPT24@60: Storing value  102 at DPT port  0 (corresponding to INT0-0:a0)
DPT24@60: Storing value    0 at DPT port  1 (corresponding to INT0-0:b0)
DPT24@60: Storing value  102 at DPT port  2 (corresponding to INT0-1:a0)
DPT24@60: Storing value  921 at DPT port  3 (corresponding to INT0-1:b0)
DPT24@60: Storing value  102 at DPT port  4 (corresponding to INT0-2:a0)
DPT24@60: Storing value   34 at DPT port  5 (corresponding to INT0-2:b0)
DPT24@60: Storing value  691 at DPT port  6 (corresponding to MLT0-0:a0)
DPT24@60: Storing value 1023 at DPT port  7 (corresponding to MLT0-0:b0)
DPT24@60: Storing value 1023 at DPT port  8 (corresponding to MLT0-1:a0)
DPT24@60: Storing value 1023 at DPT port  9 (corresponding to MLT0-1:b0)
DPT24@60: Storing value    0 at DPT port 10 (corresponding to SUM0-0:a0)
DPT24@60: Storing value    0 at DPT port 11 (corresponding to SUM0-0:b0)
DPT24@60: Storing value    0 at DPT port 12 (corresponding to SUM0-1:a0)
DPT24@60: Storing value    0 at DPT port 13 (corresponding to SUM0-1:b0)
DPT24@60: Storing value    0 at DPT port 14 (corresponding to SUM0-2:a0)
DPT24@60: Storing value    0 at DPT port 15 (corresponding to SUM0-2:b0)
HC@80: Storing value  409 at DPT port  0 (corresponding to INT0-0:ic)
HC@80: Storing value    0 at DPT port  1 (corresponding to INT0-1:ic)
HC@80: Storing value    0 at DPT port  2 (corresponding to INT0-2:ic)
HC@80: Storing False at digital output port 0 (corresponding to INT0-0:icSign)
HC@80: Storing True at digital output port 1 (corresponding to INT0-1:icSign)
HC@80: Storing True at digital output port 2 (corresponding to INT0-2:icSign)
Drawing the XBAR to ../circuits-compiled/Alpaca15-Hoover.png...
