Welcome to the HyConAVR.ino Program Compiler.
Input program: Biochemie-Beispiel (n1.pdf)
Target machine: AP/M-1 Mini
Allocating Type INT2m: Mapping circuit part I1 onto architecture part INT0-2
Allocating Type INT2pm: Mapping circuit part I2 onto architecture part INT0-0
Allocating Type INT2pm: Mapping circuit part I3 onto architecture part INT0-1
Allocating Type MUL2pm: Mapping circuit part M1 onto architecture part MLT0-0
Allocating Type SUM2m: Mapping circuit part S1 onto architecture part SUM0-2
Allocating Type SUM2pm: Mapping circuit part S2 onto architecture part SUM0-0
Allocating Type SUM2pm: Mapping circuit part S3 onto architecture part SUM0-1
Resolving variable km2=0.3 at architecture part INT0-1/b0
Resolving variable kp1=0.1 at architecture part INT0-2/a0
Resolving variable n0=0.6 at architecture part INT0-2/ic
Resolving variable kp2=0.2 at architecture part MLT0-0/b0
Resolving variable ku=0.4 at architecture part SUM0-0/b0
Resolving variable kp1=0.1 at architecture part SUM0-1/a0
Resolving variable km2=0.3 at architecture part SUM0-1/b0
Resolving variable d0=0.5 at architecture part SUM0-2/b0
Observable n (user defined part {'I1': 'neg'}) can be measured at architecture part output INT0-2:neg, adress 0x0162
Observable nR (user defined part {'I2': 'pos'}) can be measured at architecture part output INT0-0:pos, adress 0x0123
Observable nRD (user defined part {'I3': 'pos'}) can be measured at architecture part output INT0-1:pos, adress 0x0126
Observable d (user defined part {'S1': 'neg'}) can be measured at architecture part output SUM0-2:neg, adress 0x0122
XBAR@40: Computing XBAR of size NxM=16x16
XBAR@40: Writing bitmatrix[ 0]: 0001000000000000= 3=0x3 -> INT0-0:a       [sending 00111]
XBAR@40: Writing bitmatrix[ 1]: 0000010000000000= 5=0x5 -> INT0-0:b       [sending 01011]
XBAR@40: Writing bitmatrix[ 2]: 0000000010000000= 8=0x8 -> INT0-1:a       [sending 10001]
XBAR@40: Writing bitmatrix[ 3]: 0000000000001000=12=0xc -> INT0-1:b       [sending 11001]
XBAR@40: Writing bitmatrix[ 4]: 0000000000100000=10=0xa -> INT0-2:a       [sending 10101]
XBAR@40: Writing bitmatrix[ 5]: 0000000000000000 [output not enabled] [sending 00000]
XBAR@40: Writing bitmatrix[ 6]: 0010000000000000= 2=0x2 -> MLT0-0:a       [sending 00101]
XBAR@40: Writing bitmatrix[ 7]: 0000000000000010=14=0xe -> MLT0-0:b       [sending 11101]
XBAR@40: Writing bitmatrix[ 8]: 1000000000000000= 0=0x0 -> MLT0-1:a       [sending 00001]
XBAR@40: Writing bitmatrix[ 9]: 1000000000000000= 0=0x0 -> MLT0-1:b       [sending 00001]
XBAR@40: Writing bitmatrix[10]: 0000000001000000= 9=0x9 -> SUM0-0:a       [sending 10011]
XBAR@40: Writing bitmatrix[11]: 0000000000000010=14=0xe -> SUM0-0:b       [sending 11101]
XBAR@40: Writing bitmatrix[12]: 0000000000100000=10=0xa -> SUM0-1:a       [sending 10101]
XBAR@40: Writing bitmatrix[13]: 0000000000010000=11=0xb -> SUM0-1:b       [sending 10111]
XBAR@40: Writing bitmatrix[14]: 0000000000010000=11=0xb -> SUM0-2:a       [sending 10111]
XBAR@40: Writing bitmatrix[15]: 0100000000000000= 1=0x1 -> SUM0-2:b       [sending 00011]
Bitstream to send (80 characters): 00111010111000111001101010000000101111010000100001100111110110101101111011100011
DPT24@60: Storing value 1023 at DPT port  0 (corresponding to INT0-0:a0)
DPT24@60: Storing value 1023 at DPT port  1 (corresponding to INT0-0:b0)
DPT24@60: Storing value 1023 at DPT port  2 (corresponding to INT0-1:a0)
DPT24@60: Storing value  307 at DPT port  3 (corresponding to INT0-1:b0)
DPT24@60: Storing value  102 at DPT port  4 (corresponding to INT0-2:a0)
DPT24@60: Storing value    0 at DPT port  5 (corresponding to INT0-2:b0)
DPT24@60: Storing value 1023 at DPT port  6 (corresponding to MLT0-0:a0)
DPT24@60: Storing value  205 at DPT port  7 (corresponding to MLT0-0:b0)
DPT24@60: Storing value    0 at DPT port  8 (corresponding to MLT0-1:a0)
DPT24@60: Storing value    0 at DPT port  9 (corresponding to MLT0-1:b0)
DPT24@60: Storing value 1023 at DPT port 10 (corresponding to SUM0-0:a0)
DPT24@60: Storing value  409 at DPT port 11 (corresponding to SUM0-0:b0)
DPT24@60: Storing value  102 at DPT port 12 (corresponding to SUM0-1:a0)
DPT24@60: Storing value  307 at DPT port 13 (corresponding to SUM0-1:b0)
DPT24@60: Storing value 1023 at DPT port 14 (corresponding to SUM0-2:a0)
DPT24@60: Storing value  512 at DPT port 15 (corresponding to SUM0-2:b0)
HC@80: Storing value    0 at DPT port  0 (corresponding to INT0-0:ic)
HC@80: Storing value    0 at DPT port  1 (corresponding to INT0-1:ic)
HC@80: Storing value  614 at DPT port  2 (corresponding to INT0-2:ic)
HC@80: Storing True at digital output port 0 (corresponding to INT0-0:icSign)
HC@80: Storing True at digital output port 1 (corresponding to INT0-1:icSign)
HC@80: Storing False at digital output port 2 (corresponding to INT0-2:icSign)
Drawing the XBAR to ../circuits-compiled/Biochemie.png...
